In file included from ../ext/bson.cc:36:
In file included from ../ext/bson.h:17:
In file included from ../../nan/nan.h:63:
../../nan/nan_new.h:17:43: error: no member named 'Handle' in namespace 'v8'
template <typename T> v8::Local<T> To(v8::Handle<v8::Integer> i);
                                      ~~~~^
../../nan/nan_new.h:17:61: error: expected '(' for function-style cast or type construction
template <typename T> v8::Local<T> To(v8::Handle<v8::Integer> i);
                                                 ~~~~~~~~~~~^
../../nan/nan_new.h:17:63: error: use of undeclared identifier 'i'
template <typename T> v8::Local<T> To(v8::Handle<v8::Integer> i);
                                                              ^
../../nan/nan_new.h:22:21: error: no template named 'Handle' in namespace 'v8'
To<v8::Integer>(v8::Handle<v8::Integer> i) { return i->ToInteger(); }
                ~~~~^
../../nan/nan_new.h:27:19: error: no template named 'Handle' in namespace 'v8'
To<v8::Int32>(v8::Handle<v8::Integer> i)   { return i->ToInt32(); }
              ~~~~^
../../nan/nan_new.h:32:20: error: no template named 'Handle' in namespace 'v8'
To<v8::Uint32>(v8::Handle<v8::Integer> i)  { return i->ToUint32(); }
               ~~~~^
../../nan/nan_new.h:69:12: error: no template named 'Handle' in namespace 'v8'
     , v8::Handle<v8::Value> data = v8::Handle<v8::Value>()
       ~~~~^
../../nan/nan_new.h:70:12: error: no template named 'Handle' in namespace 'v8'
     , v8::Handle<v8::Signature> signature = v8::Handle<v8::Signature>());
       ~~~~^
../../nan/nan_new.h:69:41: error: no member named 'Handle' in namespace 'v8'
     , v8::Handle<v8::Value> data = v8::Handle<v8::Value>()
                                    ~~~~^
../../nan/nan_new.h:69:57: error: expected '(' for function-style cast or type construction
     , v8::Handle<v8::Value> data = v8::Handle<v8::Value>()
                                               ~~~~~~~~~^
../../nan/nan_new.h:69:59: error: expected expression
     , v8::Handle<v8::Value> data = v8::Handle<v8::Value>()
                                                          ^
../../nan/nan_new.h:70:50: error: no member named 'Handle' in namespace 'v8'
     , v8::Handle<v8::Signature> signature = v8::Handle<v8::Signature>());
                                             ~~~~^
../../nan/nan_new.h:70:70: error: expected '(' for function-style cast or type construction
     , v8::Handle<v8::Signature> signature = v8::Handle<v8::Signature>());
                                                        ~~~~~~~~~~~~~^
../../nan/nan_new.h:70:72: error: expected expression
     , v8::Handle<v8::Signature> signature = v8::Handle<v8::Signature>());
                                                                       ^
../../nan/nan_new.h:110:11: error: no template named 'Handle' in namespace 'v8'
      v8::Handle<v8::String> pattern, v8::RegExp::Flags flags);
      ~~~~^
../../nan/nan_new.h:122:15: error: no template named 'Handle' in namespace 'v8'
  typedef v8::Handle<v8::FunctionTemplate> FTH;
          ~~~~^
../../nan/nan_new.h:147:34: error: no template named 'Handle' in namespace 'v8'
  static inline return_t New(v8::Handle<v8::String> value);
                             ~~~~^
In file included from ../ext/bson.cc:36:
In file included from ../ext/bson.h:17:
In file included from ../../nan/nan.h:63:
In file included from ../../nan/nan_new.h:165:
../../nan/nan_implementation_12_inl.h:42:38: error: too few arguments to function call, expected 2, have 1
  return v8::BooleanObject::New(value).As<v8::BooleanObject>();
         ~~~~~~~~~~~~~~~~~~~~~~      ^
/Users/adiba/.meteor/packages/meteor-tool/.1.10.2.srjhs6.hzgn8++os.osx.x86_64+web.browser+web.browser.legacy+web.cordova/mt-os.osx.x86_64/dev_bundle/include/node/v8.h:5515:23: note: 'New' declared here
  static Local<Value> New(Isolate* isolate, bool value);
                      ^
In file included from ../ext/bson.cc:36:
In file included from ../ext/bson.h:17:
In file included from ../../nan/nan.h:63:
In file included from ../../nan/nan_new.h:165:
../../nan/nan_implementation_12_inl.h:49:24: error: no viable conversion from 'v8::Isolate *' to 'Local<v8::Context>'
  return v8::Date::New(v8::Isolate::GetCurrent(), value).As<v8::Date>();
                       ^~~~~~~~~~~~~~~~~~~~~~~~~
/Users/adiba/.meteor/packages/meteor-tool/.1.10.2.srjhs6.hzgn8++os.osx.x86_64+web.browser+web.browser.legacy+web.cordova/mt-os.osx.x86_64/dev_bundle/include/node/v8.h:186:7: note: candidate constructor (the implicit copy constructor) not viable: no known conversion from 'v8::Isolate *' to 'const v8::Local<v8::Context> &' for 1st argument
class Local {
      ^
/Users/adiba/.meteor/packages/meteor-tool/.1.10.2.srjhs6.hzgn8++os.osx.x86_64+web.browser+web.browser.legacy+web.cordova/mt-os.osx.x86_64/dev_bundle/include/node/v8.h:186:7: note: candidate constructor (the implicit move constructor) not viable: no known conversion from 'v8::Isolate *' to 'v8::Local<v8::Context> &&' for 1st argument
/Users/adiba/.meteor/packages/meteor-tool/.1.10.2.srjhs6.hzgn8++os.osx.x86_64+web.browser+web.browser.legacy+web.cordova/mt-os.osx.x86_64/dev_bundle/include/node/v8.h:190:13: note: candidate template ignored: could not match 'Local<type-parameter-0-0>' against 'v8::Isolate *'
  V8_INLINE Local(Local<S> that)
            ^
/Users/adiba/.meteor/packages/meteor-tool/.1.10.2.srjhs6.hzgn8++os.osx.x86_64+web.browser+web.browser.legacy+web.cordova/mt-os.osx.x86_64/dev_bundle/include/node/v8.h:318:22: note: explicit constructor is not a candidate
  explicit V8_INLINE Local(T* that) : val_(that) {}
                     ^
/Users/adiba/.meteor/packages/meteor-tool/.1.10.2.srjhs6.hzgn8++os.osx.x86_64+web.browser+web.browser.legacy+web.cordova/mt-os.osx.x86_64/dev_bundle/include/node/v8.h:5432:69: note: passing argument to parameter 'context' here
  static V8_WARN_UNUSED_RESULT MaybeLocal<Value> New(Local<Context> context,
                                                                    ^
fatal error: too many errors emitted, stopping now [-ferror-limit=]
20 errors generated.
make: *** [Release/obj.target/bson/ext/bson.o] Error 1
gyp ERR! build error 
gyp ERR! stack Error: `make` failed with exit code: 2
gyp ERR! stack     at ChildProcess.onExit (/Users/adiba/.meteor/packages/meteor-tool/.1.10.2.srjhs6.hzgn8++os.osx.x86_64+web.browser+web.browser.legacy+web.cordova/mt-os.osx.x86_64/dev_bundle/lib/node_modules/npm/node_modules/node-gyp/lib/build.js:194:23)
gyp ERR! stack     at ChildProcess.emit (events.js:311:20)
gyp ERR! stack     at Process.ChildProcess._handle.onexit (internal/child_process.js:275:12)
gyp ERR! System Darwin 21.6.0
gyp ERR! command "/Users/adiba/.meteor/packages/meteor-tool/.1.10.2.srjhs6.hzgn8++os.osx.x86_64+web.browser+web.browser.legacy+web.cordova/mt-os.osx.x86_64/dev_bundle/bin/node" "/Users/adiba/.meteor/packages/meteor-tool/.1.10.2.srjhs6.hzgn8++os.osx.x86_64+web.browser+web.browser.legacy+web.cordova/mt-os.osx.x86_64/dev_bundle/lib/node_modules/npm/node_modules/node-gyp/bin/node-gyp.js" "rebuild"
gyp ERR! cwd /Users/adiba/Documents/misinformation_github/node_modules/bson
gyp ERR! node -v v12.16.1
gyp ERR! node-gyp -v v5.0.7
gyp ERR! not ok 
